<?xml version="1.0" encoding="UTF-8"?>
<!-- Generated by org.testng.reporters.JUnitReportReporter -->
<testsuite hostname="IBM-PF3DL4JS" failures="0" tests="2" name="testcases.CucumberRunnerParallel_TC004" time="13.726" errors="0" timestamp="2025-01-26T12:31:12 IST" skipped="0">
  <testcase classname="testcases.CucumberRunnerParallel_TC004" name="runScenario" time="6.851"/>
  <system-out/>
  <testcase classname="testcases.CucumberRunnerParallel_TC004" name="runScenario" time="6.875"/>
  <system-out/>
</testsuite> <!-- testcases.CucumberRunnerParallel_TC004 -->
